app/build/intermediates/manifest_merge_blame_file/debug/manifest-merger-blame-debug-report.txt
1<?xml version="1.0" encoding="utf-8"?>
2<manifest xmlns:android="http://schemas.android.com/apk/res/android"
3    package="com.example.notesapp"
4    android:versionCode="1"
5    android:versionName="1.0" >
6
7    <uses-sdk
8        android:minSdkVersion="21"
8-->src\main\AndroidManifest.xml
9        android:targetSdkVersion="31" />
9-->src\main\AndroidManifest.xml
10
11    <uses-permission android:name="android.permission.FOREGROUND_SERVICE" />
11-->src\main\AndroidManifest.xml:5:5-76
11-->src\main\AndroidManifest.xml:5:22-74
12    <uses-permission android:name="android.permission.WRITE_EXTERNAL_STORAGE" />
12-->src\main\AndroidManifest.xml:7:5-97
12-->src\main\AndroidManifest.xml:7:22-78
13    <uses-permission android:name="android.permission.READ_EXTERNAL_STORAGE" />
13-->src\main\AndroidManifest.xml:8:5-96
13-->src\main\AndroidManifest.xml:8:22-77
14
15    <application
15-->src\main\AndroidManifest.xml:10:5-43:19
16        android:allowBackup="true"
16-->src\main\AndroidManifest.xml:11:9-35
17        android:appComponentFactory="androidx.core.app.CoreComponentFactory"
17-->[androidx.core:core:1.6.0] AndroidManifest.xml:24:18-86
18        android:debuggable="true"
19        android:icon="@mipmap/ic_launcher"
19-->src\main\AndroidManifest.xml:12:9-43
20        android:label="@string/app_name"
20-->src\main\AndroidManifest.xml:13:9-41
21        android:roundIcon="@mipmap/ic_launcher_round"
21-->src\main\AndroidManifest.xml:14:9-54
22        android:supportsRtl="true"
22-->src\main\AndroidManifest.xml:15:9-35
23        android:theme="@style/Theme.NotesApp" >
23-->src\main\AndroidManifest.xml:16:9-46
24        <activity
24-->src\main\AndroidManifest.xml:17:9-27:20
25            android:name="com.example.notesapp.MainActivity"
25-->src\main\AndroidManifest.xml:18:13-41
26            android:exported="true"
26-->src\main\AndroidManifest.xml:19:13-36
27            android:label="@string/app_name"
27-->src\main\AndroidManifest.xml:20:13-45
28            android:theme="@style/Theme.NotesApp.NoActionBar" >
28-->src\main\AndroidManifest.xml:21:13-62
29            <intent-filter>
29-->src\main\AndroidManifest.xml:22:13-26:29
30                <action android:name="android.intent.action.MAIN" />
30-->src\main\AndroidManifest.xml:23:17-69
30-->src\main\AndroidManifest.xml:23:25-66
31
32                <category android:name="android.intent.category.LAUNCHER" />
32-->src\main\AndroidManifest.xml:25:17-77
32-->src\main\AndroidManifest.xml:25:27-74
33            </intent-filter>
34        </activity>
35
36        <provider
36-->src\main\AndroidManifest.xml:29:9-37:20
37            android:name="androidx.core.content.FileProvider"
37-->src\main\AndroidManifest.xml:31:13-62
38            android:authorities="com.example.notesapp.vistas"
38-->src\main\AndroidManifest.xml:30:13-62
39            android:exported="false"
39-->src\main\AndroidManifest.xml:33:13-37
40            android:grantUriPermissions="true" >
40-->src\main\AndroidManifest.xml:32:13-47
41            <meta-data
41-->src\main\AndroidManifest.xml:34:13-36:53
42                android:name="android.support.FILE_PROVIDER_PATHS"
42-->src\main\AndroidManifest.xml:35:17-67
43                android:resource="@xml/filepaths" />
43-->src\main\AndroidManifest.xml:36:17-50
44        </provider>
45
46        <service
46-->src\main\AndroidManifest.xml:39:9-41:43
47            android:name="com.example.notesapp.service.MakeItService"
47-->src\main\AndroidManifest.xml:39:18-55
48            android:exported="false"
48-->src\main\AndroidManifest.xml:40:13-37
49            android:stopWithTask="false" />
49-->src\main\AndroidManifest.xml:41:13-41
50
51        <activity
51-->[androidx.compose.ui:ui-tooling:1.0.1] AndroidManifest.xml:25:9-27:39
52            android:name="androidx.compose.ui.tooling.PreviewActivity"
52-->[androidx.compose.ui:ui-tooling:1.0.1] AndroidManifest.xml:26:13-71
53            android:exported="true" />
53-->[androidx.compose.ui:ui-tooling:1.0.1] AndroidManifest.xml:27:13-36
54
55        <service
55-->[androidx.room:room-runtime:2.4.0-alpha03] AndroidManifest.xml:25:9-28:40
56            android:name="androidx.room.MultiInstanceInvalidationService"
56-->[androidx.room:room-runtime:2.4.0-alpha03] AndroidManifest.xml:26:13-74
57            android:directBootAware="true"
57-->[androidx.room:room-runtime:2.4.0-alpha03] AndroidManifest.xml:27:13-43
58            android:exported="false" />
58-->[androidx.room:room-runtime:2.4.0-alpha03] AndroidManifest.xml:28:13-37
59
60        <provider
60-->[androidx.profileinstaller:profileinstaller:1.0.1] AndroidManifest.xml:26:9-34:20
61            android:name="androidx.startup.InitializationProvider"
61-->[androidx.profileinstaller:profileinstaller:1.0.1] AndroidManifest.xml:27:13-67
62            android:authorities="com.example.notesapp.androidx-startup"
62-->[androidx.profileinstaller:profileinstaller:1.0.1] AndroidManifest.xml:28:13-68
63            android:exported="false" >
63-->[androidx.profileinstaller:profileinstaller:1.0.1] AndroidManifest.xml:29:13-37
64            <meta-data
64-->[androidx.profileinstaller:profileinstaller:1.0.1] AndroidManifest.xml:31:13-33:52
65                android:name="androidx.profileinstaller.ProfileInstallerInitializer"
65-->[androidx.profileinstaller:profileinstaller:1.0.1] AndroidManifest.xml:32:17-85
66                android:value="androidx.startup" />
66-->[androidx.profileinstaller:profileinstaller:1.0.1] AndroidManifest.xml:33:17-49
67        </provider>
68
69        <receiver
69-->[androidx.profileinstaller:profileinstaller:1.0.1] AndroidManifest.xml:36:9-45:20
70            android:name="androidx.profileinstaller.ProfileInstallReceiver"
70-->[androidx.profileinstaller:profileinstaller:1.0.1] AndroidManifest.xml:37:13-76
71            android:directBootAware="false"
71-->[androidx.profileinstaller:profileinstaller:1.0.1] AndroidManifest.xml:38:13-44
72            android:enabled="true"
72-->[androidx.profileinstaller:profileinstaller:1.0.1] AndroidManifest.xml:39:13-35
73            android:exported="true"
73-->[androidx.profileinstaller:profileinstaller:1.0.1] AndroidManifest.xml:40:13-36
74            android:permission="android.permission.DUMP" >
74-->[androidx.profileinstaller:profileinstaller:1.0.1] AndroidManifest.xml:41:13-57
75            <intent-filter>
75-->[androidx.profileinstaller:profileinstaller:1.0.1] AndroidManifest.xml:42:13-44:29
76                <action android:name="androidx.profileinstaller.action.INSTALL_PROFILE" />
76-->[androidx.profileinstaller:profileinstaller:1.0.1] AndroidManifest.xml:43:17-91
76-->[androidx.profileinstaller:profileinstaller:1.0.1] AndroidManifest.xml:43:25-88
77            </intent-filter>
78        </receiver>
79    </application>
80
81</manifest>